<?xml version="1.0" encoding="UTF-8"?>
<!-- Generated by org.testng.reporters.JUnitXMLReporter -->
<testsuite hostname="DESKTOP-RHLDRT6" failures="0" tests="14" name="Command line test" time="181.526" errors="0" timestamp="1 Feb 2024 17:13:13 GMT">
  <testcase classname="test.com.ErikCodeTest" name="testAppleStore" time="6.497"/>
  <testcase classname="test.com.ErikCodeTest" name="testFAQs" time="7.139"/>
  <testcase classname="test.com.ErikCodeTest" name="testGiftCard" time="15.419"/>
  <testcase classname="test.com.ErikCodeTest" name="testGooglePlayStore" time="8.016"/>
  <testcase classname="test.com.LocationByZipTest" name="testInvalidCityStateTestCase" time="8.666"/>
  <testcase classname="test.com.LocationByZipTest" name="testInvalidCityTestCase" time="8.826"/>
  <testcase classname="test.com.LocationByZipTest" name="testInvalidZipTestCase" time="8.795"/>
  <testcase classname="test.com.LocationByZipTest" name="testLocationCityStateTestCase" time="10.775"/>
  <testcase classname="test.com.LocationByZipTest" name="testSoreLocatorTestCase" time="11.376"/>
  <testcase classname="test.com.BoianaCodeTest" name="testAddBag3" time="12.94"/>
  <testcase classname="test.com.NataliaTest" name="testTCSearchVaildItems" time="28.827"/>
  <testcase classname="test.com.BoianaCodeTest" name="testAddBag" time="13.259"/>
  <testcase classname="test.com.NataliaTest" name="testSuggested" time="12.774"/>
  <testcase classname="test.com.NataliaTest" name="testUntitledTestCase" time="11.348"/>
</testsuite> <!-- Command line test -->
