<?xml version="1.0" encoding="UTF-8"?>
<!-- Generated by org.testng.reporters.JUnitXMLReporter -->
<testsuite hostname="DESKTOP-RHLDRT6" failures="0" tests="6" name="Command line test" time="69.717" errors="0" timestamp="1 Feb 2024 16:06:02 GMT">
  <testcase classname="test.com.LocationByZipTest" name="testFAQs" time="7.113"/>
  <testcase classname="test.com.LocationByZipTest" name="testInvalidCityStateTestCase" time="8.532"/>
  <testcase classname="test.com.LocationByZipTest" name="testInvalidCityTestCase" time="8.129"/>
  <testcase classname="test.com.LocationByZipTest" name="testInvalidZipTestCase" time="8.067"/>
  <testcase classname="test.com.LocationByZipTest" name="testLocationCityStateTestCase" time="16.422"/>
  <testcase classname="test.com.LocationByZipTest" name="testSoreLocatorTestCase" time="12.784"/>
</testsuite> <!-- Command line test -->
