<?xml version="1.0" encoding="UTF-8"?>
<testng-results total="14" passed="14" failed="0" skipped="0">
  <reporter-output>
  </reporter-output>
  <suite started-at="2024-02-01T17:10:11Z" name="Command line suite" finished-at="2024-02-01T17:13:13Z" duration-ms="181526">
    <groups>
    </groups>
    <test started-at="2024-02-01T17:10:11Z" name="Command line test" finished-at="2024-02-01T17:13:13Z" duration-ms="181526">
      <class name="test.com.LocationByZipTest">
        <test-method is-config="true" signature="setUpMethod()[pri:0, instance:test.com.LocationByZipTest@76a3e297]" started-at="2024-02-01T11:10:54Z" name="setUpMethod" finished-at="2024-02-01T11:10:55Z" duration-ms="909" status="PASS">
          <reporter-output>
          </reporter-output>
        </test-method> <!-- setUpMethod -->
        <test-method is-config="true" signature="setUpClass()[pri:0, instance:test.com.LocationByZipTest@76a3e297]" started-at="2024-02-01T11:10:54Z" name="setUpClass" finished-at="2024-02-01T11:10:54Z" duration-ms="0" status="PASS">
          <reporter-output>
          </reporter-output>
        </test-method> <!-- setUpClass -->
        <test-method signature="testInvalidCityStateTestCase()[pri:0, instance:test.com.LocationByZipTest@76a3e297]" started-at="2024-02-01T11:10:55Z" name="testInvalidCityStateTestCase" finished-at="2024-02-01T11:11:03Z" duration-ms="8666" status="PASS">
          <reporter-output>
          </reporter-output>
        </test-method> <!-- testInvalidCityStateTestCase -->
        <test-method is-config="true" signature="tearDownMethod()[pri:0, instance:test.com.LocationByZipTest@76a3e297]" started-at="2024-02-01T11:11:03Z" name="tearDownMethod" finished-at="2024-02-01T11:11:04Z" duration-ms="292" status="PASS">
          <reporter-output>
          </reporter-output>
        </test-method> <!-- tearDownMethod -->
        <test-method is-config="true" signature="setUpMethod()[pri:0, instance:test.com.LocationByZipTest@76a3e297]" started-at="2024-02-01T11:11:04Z" name="setUpMethod" finished-at="2024-02-01T11:11:05Z" duration-ms="895" status="PASS">
          <reporter-output>
          </reporter-output>
        </test-method> <!-- setUpMethod -->
        <test-method signature="testInvalidCityTestCase()[pri:0, instance:test.com.LocationByZipTest@76a3e297]" started-at="2024-02-01T11:11:05Z" name="testInvalidCityTestCase" finished-at="2024-02-01T11:11:13Z" duration-ms="8826" status="PASS">
          <reporter-output>
          </reporter-output>
        </test-method> <!-- testInvalidCityTestCase -->
        <test-method is-config="true" signature="tearDownMethod()[pri:0, instance:test.com.LocationByZipTest@76a3e297]" started-at="2024-02-01T11:11:13Z" name="tearDownMethod" finished-at="2024-02-01T11:11:14Z" duration-ms="276" status="PASS">
          <reporter-output>
          </reporter-output>
        </test-method> <!-- tearDownMethod -->
        <test-method is-config="true" signature="setUpMethod()[pri:0, instance:test.com.LocationByZipTest@76a3e297]" started-at="2024-02-01T11:11:14Z" name="setUpMethod" finished-at="2024-02-01T11:11:15Z" duration-ms="938" status="PASS">
          <reporter-output>
          </reporter-output>
        </test-method> <!-- setUpMethod -->
        <test-method signature="testInvalidZipTestCase()[pri:0, instance:test.com.LocationByZipTest@76a3e297]" started-at="2024-02-01T11:11:15Z" name="testInvalidZipTestCase" finished-at="2024-02-01T11:11:23Z" duration-ms="8795" status="PASS">
          <reporter-output>
          </reporter-output>
        </test-method> <!-- testInvalidZipTestCase -->
        <test-method is-config="true" signature="tearDownMethod()[pri:0, instance:test.com.LocationByZipTest@76a3e297]" started-at="2024-02-01T11:11:23Z" name="tearDownMethod" finished-at="2024-02-01T11:11:24Z" duration-ms="277" status="PASS">
          <reporter-output>
          </reporter-output>
        </test-method> <!-- tearDownMethod -->
        <test-method is-config="true" signature="setUpMethod()[pri:0, instance:test.com.LocationByZipTest@76a3e297]" started-at="2024-02-01T11:11:24Z" name="setUpMethod" finished-at="2024-02-01T11:11:25Z" duration-ms="969" status="PASS">
          <reporter-output>
          </reporter-output>
        </test-method> <!-- setUpMethod -->
        <test-method signature="testLocationCityStateTestCase()[pri:0, instance:test.com.LocationByZipTest@76a3e297]" started-at="2024-02-01T11:11:25Z" name="testLocationCityStateTestCase" finished-at="2024-02-01T11:11:35Z" duration-ms="10775" status="PASS">
          <reporter-output>
          </reporter-output>
        </test-method> <!-- testLocationCityStateTestCase -->
        <test-method is-config="true" signature="tearDownMethod()[pri:0, instance:test.com.LocationByZipTest@76a3e297]" started-at="2024-02-01T11:11:35Z" name="tearDownMethod" finished-at="2024-02-01T11:11:36Z" duration-ms="346" status="PASS">
          <reporter-output>
          </reporter-output>
        </test-method> <!-- tearDownMethod -->
        <test-method is-config="true" signature="setUpMethod()[pri:0, instance:test.com.LocationByZipTest@76a3e297]" started-at="2024-02-01T11:11:36Z" name="setUpMethod" finished-at="2024-02-01T11:11:37Z" duration-ms="928" status="PASS">
          <reporter-output>
          </reporter-output>
        </test-method> <!-- setUpMethod -->
        <test-method signature="testSoreLocatorTestCase()[pri:0, instance:test.com.LocationByZipTest@76a3e297]" started-at="2024-02-01T11:11:37Z" name="testSoreLocatorTestCase" finished-at="2024-02-01T11:11:48Z" duration-ms="11376" status="PASS">
          <reporter-output>
          </reporter-output>
        </test-method> <!-- testSoreLocatorTestCase -->
        <test-method is-config="true" signature="tearDownMethod()[pri:0, instance:test.com.LocationByZipTest@76a3e297]" started-at="2024-02-01T11:11:48Z" name="tearDownMethod" finished-at="2024-02-01T11:11:48Z" duration-ms="310" status="PASS">
          <reporter-output>
          </reporter-output>
        </test-method> <!-- tearDownMethod -->
        <test-method is-config="true" signature="tearDownClass()[pri:0, instance:test.com.LocationByZipTest@76a3e297]" started-at="2024-02-01T11:11:48Z" name="tearDownClass" finished-at="2024-02-01T11:11:48Z" duration-ms="0" status="PASS">
          <reporter-output>
          </reporter-output>
        </test-method> <!-- tearDownClass -->
      </class> <!-- test.com.LocationByZipTest -->
      <class name="test.com.NataliaTest">
        <test-method is-config="true" signature="setUpClass()[pri:0, instance:test.com.NataliaTest@b7dd107]" started-at="2024-02-01T11:12:02Z" name="setUpClass" finished-at="2024-02-01T11:12:02Z" duration-ms="0" status="PASS">
          <reporter-output>
          </reporter-output>
        </test-method> <!-- setUpClass -->
        <test-method is-config="true" signature="setUpMethod()[pri:0, instance:test.com.NataliaTest@b7dd107]" started-at="2024-02-01T11:12:02Z" name="setUpMethod" finished-at="2024-02-01T11:12:03Z" duration-ms="884" status="PASS">
          <reporter-output>
          </reporter-output>
        </test-method> <!-- setUpMethod -->
        <test-method signature="testTCSearchVaildItems()[pri:0, instance:test.com.NataliaTest@b7dd107]" started-at="2024-02-01T11:12:03Z" name="testTCSearchVaildItems" finished-at="2024-02-01T11:12:32Z" duration-ms="28827" status="PASS">
          <reporter-output>
          </reporter-output>
        </test-method> <!-- testTCSearchVaildItems -->
        <test-method is-config="true" signature="tearDownMethod()[pri:0, instance:test.com.NataliaTest@b7dd107]" started-at="2024-02-01T11:12:32Z" name="tearDownMethod" finished-at="2024-02-01T11:12:32Z" duration-ms="0" status="PASS">
          <reporter-output>
          </reporter-output>
        </test-method> <!-- tearDownMethod -->
        <test-method is-config="true" signature="setUpMethod()[pri:0, instance:test.com.NataliaTest@b7dd107]" started-at="2024-02-01T11:12:46Z" name="setUpMethod" finished-at="2024-02-01T11:12:47Z" duration-ms="927" status="PASS">
          <reporter-output>
          </reporter-output>
        </test-method> <!-- setUpMethod -->
        <test-method signature="testSuggested()[pri:0, instance:test.com.NataliaTest@b7dd107]" started-at="2024-02-01T11:12:47Z" name="testSuggested" finished-at="2024-02-01T11:13:00Z" duration-ms="12774" status="PASS">
          <reporter-output>
          </reporter-output>
        </test-method> <!-- testSuggested -->
        <test-method is-config="true" signature="tearDownMethod()[pri:0, instance:test.com.NataliaTest@b7dd107]" started-at="2024-02-01T11:13:00Z" name="tearDownMethod" finished-at="2024-02-01T11:13:00Z" duration-ms="0" status="PASS">
          <reporter-output>
          </reporter-output>
        </test-method> <!-- tearDownMethod -->
        <test-method is-config="true" signature="setUpMethod()[pri:0, instance:test.com.NataliaTest@b7dd107]" started-at="2024-02-01T11:13:00Z" name="setUpMethod" finished-at="2024-02-01T11:13:01Z" duration-ms="951" status="PASS">
          <reporter-output>
          </reporter-output>
        </test-method> <!-- setUpMethod -->
        <test-method signature="testUntitledTestCase()[pri:0, instance:test.com.NataliaTest@b7dd107]" started-at="2024-02-01T11:13:01Z" name="testUntitledTestCase" finished-at="2024-02-01T11:13:12Z" duration-ms="11348" status="PASS">
          <reporter-output>
          </reporter-output>
        </test-method> <!-- testUntitledTestCase -->
        <test-method is-config="true" signature="tearDownMethod()[pri:0, instance:test.com.NataliaTest@b7dd107]" started-at="2024-02-01T11:13:12Z" name="tearDownMethod" finished-at="2024-02-01T11:13:13Z" duration-ms="199" status="PASS">
          <reporter-output>
          </reporter-output>
        </test-method> <!-- tearDownMethod -->
        <test-method is-config="true" signature="tearDownClass()[pri:0, instance:test.com.NataliaTest@b7dd107]" started-at="2024-02-01T11:13:13Z" name="tearDownClass" finished-at="2024-02-01T11:13:13Z" duration-ms="0" status="PASS">
          <reporter-output>
          </reporter-output>
        </test-method> <!-- tearDownClass -->
      </class> <!-- test.com.NataliaTest -->
      <class name="test.com.BoianaCodeTest">
        <test-method is-config="true" signature="setUpClass()[pri:0, instance:test.com.BoianaCodeTest@6950e31]" started-at="2024-02-01T11:11:48Z" name="setUpClass" finished-at="2024-02-01T11:11:48Z" duration-ms="0" status="PASS">
          <reporter-output>
          </reporter-output>
        </test-method> <!-- setUpClass -->
        <test-method is-config="true" signature="setUpMethod()[pri:0, instance:test.com.BoianaCodeTest@6950e31]" started-at="2024-02-01T11:11:48Z" name="setUpMethod" finished-at="2024-02-01T11:11:49Z" duration-ms="990" status="PASS">
          <reporter-output>
          </reporter-output>
        </test-method> <!-- setUpMethod -->
        <test-method signature="testAddBag3()[pri:0, instance:test.com.BoianaCodeTest@6950e31]" started-at="2024-02-01T11:11:49Z" name="testAddBag3" finished-at="2024-02-01T11:12:02Z" duration-ms="12940" status="PASS">
          <reporter-output>
          </reporter-output>
        </test-method> <!-- testAddBag3 -->
        <test-method is-config="true" signature="tearDownMethod()[pri:0, instance:test.com.BoianaCodeTest@6950e31]" started-at="2024-02-01T11:12:02Z" name="tearDownMethod" finished-at="2024-02-01T11:12:02Z" duration-ms="1" status="PASS">
          <reporter-output>
          </reporter-output>
        </test-method> <!-- tearDownMethod -->
        <test-method is-config="true" signature="setUpMethod()[pri:0, instance:test.com.BoianaCodeTest@6950e31]" started-at="2024-02-01T11:12:32Z" name="setUpMethod" finished-at="2024-02-01T11:12:33Z" duration-ms="956" status="PASS">
          <reporter-output>
          </reporter-output>
        </test-method> <!-- setUpMethod -->
        <test-method signature="testAddBag()[pri:0, instance:test.com.BoianaCodeTest@6950e31]" started-at="2024-02-01T11:12:33Z" name="testAddBag" finished-at="2024-02-01T11:12:46Z" duration-ms="13259" status="PASS">
          <reporter-output>
          </reporter-output>
        </test-method> <!-- testAddBag -->
        <test-method is-config="true" signature="tearDownMethod()[pri:0, instance:test.com.BoianaCodeTest@6950e31]" started-at="2024-02-01T11:12:46Z" name="tearDownMethod" finished-at="2024-02-01T11:12:46Z" duration-ms="141" status="PASS">
          <reporter-output>
          </reporter-output>
        </test-method> <!-- tearDownMethod -->
        <test-method is-config="true" signature="tearDownClass()[pri:0, instance:test.com.BoianaCodeTest@6950e31]" started-at="2024-02-01T11:12:46Z" name="tearDownClass" finished-at="2024-02-01T11:12:46Z" duration-ms="0" status="PASS">
          <reporter-output>
          </reporter-output>
        </test-method> <!-- tearDownClass -->
      </class> <!-- test.com.BoianaCodeTest -->
      <class name="test.com.ErikCodeTest">
        <test-method is-config="true" signature="setUpClass()[pri:0, instance:test.com.ErikCodeTest@2db7a79b]" started-at="2024-02-01T11:10:11Z" name="setUpClass" finished-at="2024-02-01T11:10:11Z" duration-ms="8" status="PASS">
          <reporter-output>
          </reporter-output>
        </test-method> <!-- setUpClass -->
        <test-method is-config="true" signature="setUpMethod()[pri:0, instance:test.com.ErikCodeTest@2db7a79b]" started-at="2024-02-01T11:10:11Z" name="setUpMethod" finished-at="2024-02-01T11:10:13Z" duration-ms="1561" status="PASS">
          <reporter-output>
          </reporter-output>
        </test-method> <!-- setUpMethod -->
        <test-method signature="testAppleStore()[pri:0, instance:test.com.ErikCodeTest@2db7a79b]" started-at="2024-02-01T11:10:13Z" name="testAppleStore" finished-at="2024-02-01T11:10:19Z" duration-ms="6497" status="PASS">
          <reporter-output>
          </reporter-output>
        </test-method> <!-- testAppleStore -->
        <test-method is-config="true" signature="tearDownMethod()[pri:0, instance:test.com.ErikCodeTest@2db7a79b]" started-at="2024-02-01T11:10:19Z" name="tearDownMethod" finished-at="2024-02-01T11:10:19Z" duration-ms="269" status="PASS">
          <reporter-output>
          </reporter-output>
        </test-method> <!-- tearDownMethod -->
        <test-method is-config="true" signature="setUpMethod()[pri:0, instance:test.com.ErikCodeTest@2db7a79b]" started-at="2024-02-01T11:10:19Z" name="setUpMethod" finished-at="2024-02-01T11:10:20Z" duration-ms="998" status="PASS">
          <reporter-output>
          </reporter-output>
        </test-method> <!-- setUpMethod -->
        <test-method signature="testFAQs()[pri:0, instance:test.com.ErikCodeTest@2db7a79b]" started-at="2024-02-01T11:10:20Z" name="testFAQs" finished-at="2024-02-01T11:10:28Z" duration-ms="7139" status="PASS">
          <reporter-output>
          </reporter-output>
        </test-method> <!-- testFAQs -->
        <test-method is-config="true" signature="tearDownMethod()[pri:0, instance:test.com.ErikCodeTest@2db7a79b]" started-at="2024-02-01T11:10:28Z" name="tearDownMethod" finished-at="2024-02-01T11:10:28Z" duration-ms="346" status="PASS">
          <reporter-output>
          </reporter-output>
        </test-method> <!-- tearDownMethod -->
        <test-method is-config="true" signature="setUpMethod()[pri:0, instance:test.com.ErikCodeTest@2db7a79b]" started-at="2024-02-01T11:10:28Z" name="setUpMethod" finished-at="2024-02-01T11:10:29Z" duration-ms="945" status="PASS">
          <reporter-output>
          </reporter-output>
        </test-method> <!-- setUpMethod -->
        <test-method signature="testGiftCard()[pri:0, instance:test.com.ErikCodeTest@2db7a79b]" started-at="2024-02-01T11:10:29Z" name="testGiftCard" finished-at="2024-02-01T11:10:44Z" duration-ms="15419" status="PASS">
          <reporter-output>
          </reporter-output>
        </test-method> <!-- testGiftCard -->
        <test-method is-config="true" signature="tearDownMethod()[pri:0, instance:test.com.ErikCodeTest@2db7a79b]" started-at="2024-02-01T11:10:44Z" name="tearDownMethod" finished-at="2024-02-01T11:10:45Z" duration-ms="288" status="PASS">
          <reporter-output>
          </reporter-output>
        </test-method> <!-- tearDownMethod -->
        <test-method is-config="true" signature="setUpMethod()[pri:0, instance:test.com.ErikCodeTest@2db7a79b]" started-at="2024-02-01T11:10:45Z" name="setUpMethod" finished-at="2024-02-01T11:10:46Z" duration-ms="966" status="PASS">
          <reporter-output>
          </reporter-output>
        </test-method> <!-- setUpMethod -->
        <test-method signature="testGooglePlayStore()[pri:0, instance:test.com.ErikCodeTest@2db7a79b]" started-at="2024-02-01T11:10:46Z" name="testGooglePlayStore" finished-at="2024-02-01T11:10:54Z" duration-ms="8016" status="PASS">
          <reporter-output>
          </reporter-output>
        </test-method> <!-- testGooglePlayStore -->
        <test-method is-config="true" signature="tearDownMethod()[pri:0, instance:test.com.ErikCodeTest@2db7a79b]" started-at="2024-02-01T11:10:54Z" name="tearDownMethod" finished-at="2024-02-01T11:10:54Z" duration-ms="290" status="PASS">
          <reporter-output>
          </reporter-output>
        </test-method> <!-- tearDownMethod -->
        <test-method is-config="true" signature="tearDownClass()[pri:0, instance:test.com.ErikCodeTest@2db7a79b]" started-at="2024-02-01T11:10:54Z" name="tearDownClass" finished-at="2024-02-01T11:10:54Z" duration-ms="0" status="PASS">
          <reporter-output>
          </reporter-output>
        </test-method> <!-- tearDownClass -->
      </class> <!-- test.com.ErikCodeTest -->
    </test> <!-- Command line test -->
  </suite> <!-- Command line suite -->
</testng-results>
