<?xml version="1.0" encoding="UTF-8"?>
<testng-results total="6" passed="6" failed="0" skipped="0">
  <reporter-output>
  </reporter-output>
  <suite started-at="2024-02-01T16:04:52Z" name="test.com.LocationByZipTest" finished-at="2024-02-01T16:06:02Z" duration-ms="69717">
    <groups>
    </groups>
    <test started-at="2024-02-01T16:04:52Z" name="Command line test" finished-at="2024-02-01T16:06:02Z" duration-ms="69717">
      <class name="test.com.LocationByZipTest">
        <test-method is-config="true" signature="setUpClass()[pri:0, instance:test.com.LocationByZipTest@4abdb505]" started-at="2024-02-01T10:04:52Z" name="setUpClass" finished-at="2024-02-01T10:04:52Z" duration-ms="9" status="PASS">
          <reporter-output>
          </reporter-output>
        </test-method> <!-- setUpClass -->
        <test-method is-config="true" signature="setUpMethod()[pri:0, instance:test.com.LocationByZipTest@4abdb505]" started-at="2024-02-01T10:04:52Z" name="setUpMethod" finished-at="2024-02-01T10:04:54Z" duration-ms="1804" status="PASS">
          <reporter-output>
          </reporter-output>
        </test-method> <!-- setUpMethod -->
        <test-method signature="testFAQs()[pri:0, instance:test.com.LocationByZipTest@4abdb505]" started-at="2024-02-01T10:04:54Z" name="testFAQs" finished-at="2024-02-01T10:05:01Z" duration-ms="7113" status="PASS">
          <reporter-output>
          </reporter-output>
        </test-method> <!-- testFAQs -->
        <test-method is-config="true" signature="tearDownMethod()[pri:0, instance:test.com.LocationByZipTest@4abdb505]" started-at="2024-02-01T10:05:01Z" name="tearDownMethod" finished-at="2024-02-01T10:05:01Z" duration-ms="477" status="PASS">
          <reporter-output>
          </reporter-output>
        </test-method> <!-- tearDownMethod -->
        <test-method is-config="true" signature="setUpMethod()[pri:0, instance:test.com.LocationByZipTest@4abdb505]" started-at="2024-02-01T10:05:01Z" name="setUpMethod" finished-at="2024-02-01T10:05:02Z" duration-ms="1082" status="PASS">
          <reporter-output>
          </reporter-output>
        </test-method> <!-- setUpMethod -->
        <test-method signature="testInvalidCityStateTestCase()[pri:0, instance:test.com.LocationByZipTest@4abdb505]" started-at="2024-02-01T10:05:02Z" name="testInvalidCityStateTestCase" finished-at="2024-02-01T10:05:11Z" duration-ms="8532" status="PASS">
          <reporter-output>
          </reporter-output>
        </test-method> <!-- testInvalidCityStateTestCase -->
        <test-method is-config="true" signature="tearDownMethod()[pri:0, instance:test.com.LocationByZipTest@4abdb505]" started-at="2024-02-01T10:05:11Z" name="tearDownMethod" finished-at="2024-02-01T10:05:11Z" duration-ms="245" status="PASS">
          <reporter-output>
          </reporter-output>
        </test-method> <!-- tearDownMethod -->
        <test-method is-config="true" signature="setUpMethod()[pri:0, instance:test.com.LocationByZipTest@4abdb505]" started-at="2024-02-01T10:05:11Z" name="setUpMethod" finished-at="2024-02-01T10:05:12Z" duration-ms="923" status="PASS">
          <reporter-output>
          </reporter-output>
        </test-method> <!-- setUpMethod -->
        <test-method signature="testInvalidCityTestCase()[pri:0, instance:test.com.LocationByZipTest@4abdb505]" started-at="2024-02-01T10:05:12Z" name="testInvalidCityTestCase" finished-at="2024-02-01T10:05:20Z" duration-ms="8129" status="PASS">
          <reporter-output>
          </reporter-output>
        </test-method> <!-- testInvalidCityTestCase -->
        <test-method is-config="true" signature="tearDownMethod()[pri:0, instance:test.com.LocationByZipTest@4abdb505]" started-at="2024-02-01T10:05:20Z" name="tearDownMethod" finished-at="2024-02-01T10:05:21Z" duration-ms="312" status="PASS">
          <reporter-output>
          </reporter-output>
        </test-method> <!-- tearDownMethod -->
        <test-method is-config="true" signature="setUpMethod()[pri:0, instance:test.com.LocationByZipTest@4abdb505]" started-at="2024-02-01T10:05:21Z" name="setUpMethod" finished-at="2024-02-01T10:05:22Z" duration-ms="915" status="PASS">
          <reporter-output>
          </reporter-output>
        </test-method> <!-- setUpMethod -->
        <test-method signature="testInvalidZipTestCase()[pri:0, instance:test.com.LocationByZipTest@4abdb505]" started-at="2024-02-01T10:05:22Z" name="testInvalidZipTestCase" finished-at="2024-02-01T10:05:30Z" duration-ms="8067" status="PASS">
          <reporter-output>
          </reporter-output>
        </test-method> <!-- testInvalidZipTestCase -->
        <test-method is-config="true" signature="tearDownMethod()[pri:0, instance:test.com.LocationByZipTest@4abdb505]" started-at="2024-02-01T10:05:30Z" name="tearDownMethod" finished-at="2024-02-01T10:05:30Z" duration-ms="342" status="PASS">
          <reporter-output>
          </reporter-output>
        </test-method> <!-- tearDownMethod -->
        <test-method is-config="true" signature="setUpMethod()[pri:0, instance:test.com.LocationByZipTest@4abdb505]" started-at="2024-02-01T10:05:30Z" name="setUpMethod" finished-at="2024-02-01T10:05:31Z" duration-ms="917" status="PASS">
          <reporter-output>
          </reporter-output>
        </test-method> <!-- setUpMethod -->
        <test-method signature="testLocationCityStateTestCase()[pri:0, instance:test.com.LocationByZipTest@4abdb505]" started-at="2024-02-01T10:05:31Z" name="testLocationCityStateTestCase" finished-at="2024-02-01T10:05:47Z" duration-ms="16422" status="PASS">
          <reporter-output>
          </reporter-output>
        </test-method> <!-- testLocationCityStateTestCase -->
        <test-method is-config="true" signature="tearDownMethod()[pri:0, instance:test.com.LocationByZipTest@4abdb505]" started-at="2024-02-01T10:05:47Z" name="tearDownMethod" finished-at="2024-02-01T10:05:48Z" duration-ms="323" status="PASS">
          <reporter-output>
          </reporter-output>
        </test-method> <!-- tearDownMethod -->
        <test-method is-config="true" signature="setUpMethod()[pri:0, instance:test.com.LocationByZipTest@4abdb505]" started-at="2024-02-01T10:05:48Z" name="setUpMethod" finished-at="2024-02-01T10:05:49Z" duration-ms="975" status="PASS">
          <reporter-output>
          </reporter-output>
        </test-method> <!-- setUpMethod -->
        <test-method signature="testSoreLocatorTestCase()[pri:0, instance:test.com.LocationByZipTest@4abdb505]" started-at="2024-02-01T10:05:49Z" name="testSoreLocatorTestCase" finished-at="2024-02-01T10:06:01Z" duration-ms="12784" status="PASS">
          <reporter-output>
          </reporter-output>
        </test-method> <!-- testSoreLocatorTestCase -->
        <test-method is-config="true" signature="tearDownMethod()[pri:0, instance:test.com.LocationByZipTest@4abdb505]" started-at="2024-02-01T10:06:01Z" name="tearDownMethod" finished-at="2024-02-01T10:06:02Z" duration-ms="336" status="PASS">
          <reporter-output>
          </reporter-output>
        </test-method> <!-- tearDownMethod -->
        <test-method is-config="true" signature="tearDownClass()[pri:0, instance:test.com.LocationByZipTest@4abdb505]" started-at="2024-02-01T10:06:02Z" name="tearDownClass" finished-at="2024-02-01T10:06:02Z" duration-ms="0" status="PASS">
          <reporter-output>
          </reporter-output>
        </test-method> <!-- tearDownClass -->
      </class> <!-- test.com.LocationByZipTest -->
    </test> <!-- Command line test -->
  </suite> <!-- test.com.LocationByZipTest -->
</testng-results>
