<?xml version="1.0" encoding="UTF-8" ?>
<testsuite tests="14" failures="0" name="TestSuite" time="164.654" errors="0" skipped="0">
  <properties>
[...]
</properties>
  <testcase classname="test.com.ErikCodeTest" name="testAppleStore" time="6.495"/>
  <testcase classname="test.com.ErikCodeTest" name="testFAQs" time="7.139"/>
  <testcase classname="test.com.ErikCodeTest" name="testGiftCard" time="15.418"/>
  <testcase classname="test.com.ErikCodeTest" name="testGooglePlayStore" time="8.016"/>
  <testcase classname="test.com.LocationByZipTest" name="testInvalidCityStateTestCase" time="8.666"/>
  <testcase classname="test.com.LocationByZipTest" name="testInvalidCityTestCase" time="8.826"/>
  <testcase classname="test.com.LocationByZipTest" name="testInvalidZipTestCase" time="8.795"/>
  <testcase classname="test.com.LocationByZipTest" name="testLocationCityStateTestCase" time="10.775"/>
  <testcase classname="test.com.LocationByZipTest" name="testSoreLocatorTestCase" time="11.376"/>
  <testcase classname="test.com.BoianaCodeTest" name="testAddBag3" time="12.941"/>
  <testcase classname="test.com.NataliaTest" name="testTCSearchVaildItems" time="28.827"/>
  <testcase classname="test.com.BoianaCodeTest" name="testAddBag" time="13.259"/>
  <testcase classname="test.com.NataliaTest" name="testSuggested" time="12.773"/>
  <testcase classname="test.com.NataliaTest" name="testUntitledTestCase" time="11.348"/>
</testsuite>